<testsuites id="" name="" tests="4" failures="0" skipped="0" errors="0" time="6.926339">
<testsuite name="lab-tab-persistence-complete.spec.ts" timestamp="2025-09-24T15:22:41.091Z" hostname="chromium" tests="4" failures="0" skipped="0" time="19.564" errors="0">
<testcase name="실험실 탭 상태 유지 완전 테스트 › Utilities → 팀 나누기 → 뒤로가기 시 탭 유지" classname="lab-tab-persistence-complete.spec.ts" time="4.54">
<system-out>
<![CDATA[✅ Utilities → 팀 나누기 → 뒤로가기 테스트 성공

[[ATTACHMENT|../test-results/lab-tab-persistence-comple-bc81a-ities-→-팀-나누기-→-뒤로가기-시-탭-유지-chromium/video.webm]]
]]>
</system-out>
</testcase>
<testcase name="실험실 탭 상태 유지 완전 테스트 › Utilities → 스포트라이트 아레나 → 뒤로가기 시 탭 유지" classname="lab-tab-persistence-complete.spec.ts" time="5.086">
<system-out>
<![CDATA[✅ Utilities → 스포트라이트 아레나 → 뒤로가기 테스트 성공

[[ATTACHMENT|../test-results/lab-tab-persistence-comple-39562--→-스포트라이트-아레나-→-뒤로가기-시-탭-유지-chromium/video.webm]]
]]>
</system-out>
</testcase>
<testcase name="실험실 탭 상태 유지 완전 테스트 › Playground → 테트리스 → 뒤로가기 시 탭 유지" classname="lab-tab-persistence-complete.spec.ts" time="4.398">
<system-out>
<![CDATA[✅ Playground → 테트리스 → 뒤로가기 테스트 성공

[[ATTACHMENT|../test-results/lab-tab-persistence-comple-e3349-ground-→-테트리스-→-뒤로가기-시-탭-유지-chromium/video.webm]]
]]>
</system-out>
</testcase>
<testcase name="실험실 탭 상태 유지 완전 테스트 › 전체 → Utilities → 팀 나누기 → 뒤로가기 → 전체 → Playground 순서 테스트" classname="lab-tab-persistence-complete.spec.ts" time="5.54">
<system-out>
<![CDATA[✅ 복잡한 탭 전환 시나리오 테스트 성공

[[ATTACHMENT|../test-results/lab-tab-persistence-comple-01281-가기-→-전체-→-Playground-순서-테스트-chromium/video.webm]]
]]>
</system-out>
</testcase>
</testsuite>
</testsuites>